timestamp: 2024-12-02T14:16:33.899244
CREATE TABLE "py4web_session"(
    "id" INTEGER PRIMARY KEY AUTOINCREMENT,
    "rkey" CHAR(512),
    "rvalue" TEXT,
    "expiration" INTEGER,
    "created_on" TIMESTAMP,
    "expires_on" TIMESTAMP
);
success!
timestamp: 2024-12-02T14:16:33.902785
CREATE TABLE "auth_user"(
    "id" INTEGER PRIMARY KEY AUTOINCREMENT,
    "email" CHAR(512) UNIQUE,
    "password" CHAR(512),
    "first_name" CHAR(512),
    "last_name" CHAR(512),
    "sso_id" CHAR(512),
    "action_token" CHAR(512),
    "last_password_change" TIMESTAMP,
    "past_passwords_hash" TEXT
);
success!
timestamp: 2024-12-02T14:16:33.905729
CREATE TABLE "auth_user_tag_groups"(
    "id" INTEGER PRIMARY KEY AUTOINCREMENT,
    "tagpath" CHAR(512),
    "record_id" INTEGER REFERENCES "auth_user" ("id") ON DELETE CASCADE ON UPDATE CASCADE  
);
success!
timestamp: 2024-12-02T15:50:43.918478
CREATE TABLE "species"(
    "id" INTEGER PRIMARY KEY AUTOINCREMENT,
    "common_name" CHAR(512)
);
success!
timestamp: 2024-12-02T15:50:43.923078
CREATE TABLE "sightings"(
    "id" INTEGER PRIMARY KEY AUTOINCREMENT,
    "sampling_event_identifier" CHAR(512),
    "common_name" CHAR(512),
    "observation_count" CHAR(512)
);
success!
timestamp: 2024-12-02T15:50:43.925319
CREATE TABLE "checklist"(
    "id" INTEGER PRIMARY KEY AUTOINCREMENT,
    "sampling_event_identifier" CHAR(512),
    "latitude" DOUBLE,
    "longitude" DOUBLE,
    "observation_date" DATE,
    "time_observations_started" TIME,
    "observer_id" CHAR(512),
    "duration_minutes" DOUBLE
);
success!
timestamp: 2024-12-09T14:20:40.271337
CREATE TABLE "my_checklist"(
    "id" INTEGER PRIMARY KEY AUTOINCREMENT,
    "sampling_event_identifier" CHAR(512),
    "latitude" DOUBLE,
    "longitude" DOUBLE,
    "observation_date" DATE,
    "time_observations_started" TIME,
    "observer_id" CHAR(512),
    "duration_minutes" DOUBLE
);
success!
timestamp: 2024-12-09T14:50:32.288143
ALTER TABLE "my_checklist" ADD "common_name" CHAR(512);
success!
success!
timestamp: 2024-12-10T23:58:04.294314
ALTER TABLE "sightings" ADD "event_id" CHAR(512);
success!
timestamp: 2024-12-10T23:58:04.296256
ALTER TABLE "checklist" ADD "event_id" CHAR(512);
timestamp: 2024-12-10T23:58:04.297167
ALTER TABLE "checklist" ADD "start_time" TIME;
success!
timestamp: 2024-12-10T23:58:04.298753
CREATE TABLE "user_checklist"(
    "id" INTEGER PRIMARY KEY AUTOINCREMENT,
    "event_id" CHAR(512),
    "common_name" CHAR(512),
    "latitude" DOUBLE,
    "longitude" DOUBLE,
    "observation_date" DATE,
    "start_time" TIME,
    "observer_id" CHAR(512),
    "duration_minutes" DOUBLE
);
success!
timestamp: 2024-12-11T00:01:50.091389
CREATE TABLE "bird_species"(
    "id" INTEGER PRIMARY KEY AUTOINCREMENT,
    "name" CHAR(512)
);
success!
timestamp: 2024-12-11T00:01:50.093392
CREATE TABLE "bird_sightings"(
    "id" INTEGER PRIMARY KEY AUTOINCREMENT,
    "event_code" CHAR(512),
    "species_name" CHAR(512),
    "count" INTEGER
);
success!
timestamp: 2024-12-11T00:01:50.094428
CREATE TABLE "observation_checklist"(
    "id" INTEGER PRIMARY KEY AUTOINCREMENT,
    "event_code" CHAR(512),
    "lat" DOUBLE,
    "lon" DOUBLE,
    "date" DATE,
    "start_time" TIME,
    "observer" CHAR(512),
    "duration" DOUBLE
);
success!
timestamp: 2024-12-11T00:01:50.095416
CREATE TABLE "user_observations"(
    "id" INTEGER PRIMARY KEY AUTOINCREMENT,
    "event_code" CHAR(512),
    "species_name" CHAR(512),
    "lat" DOUBLE,
    "lon" DOUBLE,
    "date" DATE,
    "start_time" TIME,
    "observer" CHAR(512),
    "duration" DOUBLE
);
success!
timestamp: 2024-12-11T00:18:16.819481
CREATE TABLE "hotspots"(
    "id" INTEGER PRIMARY KEY AUTOINCREMENT,
    "name" CHAR(512),
    "description" TEXT,
    "latitude" DOUBLE,
    "longitude" DOUBLE
);
success!
success!
success!
success!
success!
timestamp: 2024-12-11T00:39:47.337956
CREATE TABLE "bird_registry"(
    "id" INTEGER PRIMARY KEY AUTOINCREMENT,
    "scientific_name" CHAR(512),
    "common_name" CHAR(512),
    "conservation_status" CHAR(512)
);
success!
timestamp: 2024-12-11T00:39:47.340495
CREATE TABLE "bird_observation_log"(
    "id" INTEGER PRIMARY KEY AUTOINCREMENT,
    "user_id" INTEGER REFERENCES "auth_user" ("id") ON DELETE CASCADE ON UPDATE CASCADE  ,
    "bird_id" INTEGER REFERENCES "bird_registry" ("id") ON DELETE CASCADE ON UPDATE CASCADE  ,
    "observation_count" INTEGER,
    "observation_date" DATE,
    "observation_time" TIME
);
success!
timestamp: 2024-12-11T00:39:47.341602
CREATE TABLE "bird_expedition"(
    "id" INTEGER PRIMARY KEY AUTOINCREMENT,
    "user_id" INTEGER REFERENCES "auth_user" ("id") ON DELETE CASCADE ON UPDATE CASCADE  ,
    "latitude" DOUBLE,
    "longitude" DOUBLE,
    "start_time" TIME,
    "duration_minutes" DOUBLE,
    "expedition_date" DATE,
    "total_species_observed" INTEGER
);
success!
success!
success!
success!
success!
success!
success!
success!
success!
success!
success!
success!
success!
success!
success!
success!
success!
success!
success!
success!
success!
success!
success!
success!
success!
success!
success!
success!
success!
success!
success!
success!
success!
success!
success!
success!
success!
success!
success!
success!
success!
success!
